<?xml version="1.0" encoding="UTF-8"?>
<!-- Generated by org.testng.reporters.JUnitXMLReporter -->
<testsuite ignored="0" hostname="ROOPA" failures="0" tests="1" name="Test" time="0.234" errors="0" timestamp="2022-05-31T00:57:21 GMT-07:00">
  <testcase classname="com.SDET34l1.genericUtility.BaseClass" name="@BeforeSuite beforesuit1Test" time="0.063">
    <failure type="java.io.FileNotFoundException" message=".\src\test\resources\CommonDta.Properties (The system cannot find the file specified)">
      <![CDATA[java.io.FileNotFoundException: .\src\test\resources\CommonDta.Properties (The system cannot find the file specified)
at java.base/java.io.FileInputStream.open0(Native Method)
at java.base/java.io.FileInputStream.open(FileInputStream.java:211)
at java.base/java.io.FileInputStream.<init>(FileInputStream.java:153)
at java.base/java.io.FileInputStream.<init>(FileInputStream.java:108)
at com.SDET34l1.genericUtility.FileLibrary.openPropertyFile(FileLibrary.java:25)
at com.SDET34l1.genericUtility.BaseClass.beforesuit1Test(BaseClass.java:47)
... Removed 19 stack frames]]>
    </failure>
  </testcase> <!-- @BeforeSuite beforesuit1Test -->
  <testcase classname="com.SDET34l1.genericUtility.BaseClass" name="@BeforeClass beforeClass1Test" time="-1.65398384081E9">
    <skipped/>
  </testcase> <!-- @BeforeClass beforeClass1Test -->
  <testcase classname="com.SDET34l1.genericUtility.BaseClass" name="@BeforeMethod beforeMethod1Test" time="-1.653983840853E9">
    <skipped/>
  </testcase> <!-- @BeforeMethod beforeMethod1Test -->
  <testcase classname="com.SDET34l1.genericUtility.BaseClass" name="@AfterMethod afterMethod1Test" time="-1.653983840963E9">
    <skipped/>
  </testcase> <!-- @AfterMethod afterMethod1Test -->
  <testcase classname="com.SDET34l1.genericUtility.BaseClass" name="@AfterClass afterClass1Test" time="-1.65398384097E9">
    <skipped/>
  </testcase> <!-- @AfterClass afterClass1Test -->
  <testcase classname="com.vtiger.contactsTest.CreateContactsTest" name="creatContactTest" time="0.0">
    <skipped/>
  </testcase> <!-- creatContactTest -->
</testsuite> <!-- Test -->
