<?xml version="1.0" encoding="UTF-8"?>
<!-- Generated by org.testng.reporters.JUnitXMLReporter -->
<testsuite ignored="6" hostname="DESKTOP-J7LJ4M1" failures="0" tests="4" name="Test2" time="502.853" errors="0" timestamp="2022-05-19T22:07:13 GMT-07:00">
  <testcase classname="com.vtiger.organizationTest.CreateOrganizationTest" name="creatOrganizationTest" time="191.81"/>
  <testcase classname="com.vtiger.organizationTest.CreateOrgWithIndustryAndTypeTest" name="org_DropDowntTest" time="193.251"/>
  <testcase classname="com.vtiger.contactsTest.CreateContactsTest" name="creatContactTest" time="196.655"/>
  <testcase classname="com.vtiger.compainTest.CreateProduct_CompanionTest" name="createProduct_CompanionTest" time="150.555"/>
  <testcase classname="com.SDET34l1.genericUtility.BaseClass" name="@BeforeSuite beforesuit1Test" time="0.0">
    <ignored/>
  </testcase> <!-- @BeforeSuite beforesuit1Test -->
  <testcase classname="com.SDET34l1.genericUtility.BaseClass" name="@BeforeSuite beforesuit1Test" time="0.0">
    <ignored/>
  </testcase> <!-- @BeforeSuite beforesuit1Test -->
  <testcase classname="com.SDET34l1.genericUtility.BaseClass" name="@BeforeSuite beforesuit1Test" time="0.0">
    <ignored/>
  </testcase> <!-- @BeforeSuite beforesuit1Test -->
  <testcase classname="com.SDET34l1.genericUtility.BaseClass" name="@AfterSuite afterSuit1Test" time="0.0">
    <ignored/>
  </testcase> <!-- @AfterSuite afterSuit1Test -->
  <testcase classname="com.SDET34l1.genericUtility.BaseClass" name="@AfterSuite afterSuit1Test" time="0.0">
    <ignored/>
  </testcase> <!-- @AfterSuite afterSuit1Test -->
  <testcase classname="com.SDET34l1.genericUtility.BaseClass" name="@AfterSuite afterSuit1Test" time="0.0">
    <ignored/>
  </testcase> <!-- @AfterSuite afterSuit1Test -->
</testsuite> <!-- Test2 -->
